<?xml version="1.0" encoding="UTF-8"?>
<testsuite xmlns:xsi="http://www.w3.org/2001/XMLSchema-instance" xsi:noNamespaceSchemaLocation="https://maven.apache.org/surefire/maven-surefire-plugin/xsd/surefire-test-report.xsd" name="com.xu.MyblogApplicationTests" time="3.955" tests="1" errors="0" skipped="0" failures="0">
  <properties>
    <property name="java.specification.version" value="13"/>
    <property name="sun.cpu.isalist" value="amd64"/>
    <property name="sun.jnu.encoding" value="GBK"/>
    <property name="java.class.path" value="D:\桌面\CS\YangYang&apos;s Blog\MyBlog\target\test-classes;D:\桌面\CS\YangYang&apos;s Blog\MyBlog\target\classes;D:\桌面\文件\apache-maven-3.8.1\MAVEN-repo\org\springframework\boot\spring-boot-starter-web\2.5.6\spring-boot-starter-web-2.5.6.jar;D:\桌面\文件\apache-maven-3.8.1\MAVEN-repo\org\springframework\boot\spring-boot-starter\2.5.6\spring-boot-starter-2.5.6.jar;D:\桌面\文件\apache-maven-3.8.1\MAVEN-repo\org\springframework\boot\spring-boot\2.5.6\spring-boot-2.5.6.jar;D:\桌面\文件\apache-maven-3.8.1\MAVEN-repo\org\springframework\boot\spring-boot-autoconfigure\2.5.6\spring-boot-autoconfigure-2.5.6.jar;D:\桌面\文件\apache-maven-3.8.1\MAVEN-repo\org\springframework\boot\spring-boot-starter-logging\2.5.6\spring-boot-starter-logging-2.5.6.jar;D:\桌面\文件\apache-maven-3.8.1\MAVEN-repo\ch\qos\logback\logback-classic\1.2.6\logback-classic-1.2.6.jar;D:\桌面\文件\apache-maven-3.8.1\MAVEN-repo\ch\qos\logback\logback-core\1.2.6\logback-core-1.2.6.jar;D:\桌面\文件\apache-maven-3.8.1\MAVEN-repo\org\apache\logging\log4j\log4j-to-slf4j\2.14.1\log4j-to-slf4j-2.14.1.jar;D:\桌面\文件\apache-maven-3.8.1\MAVEN-repo\org\apache\logging\log4j\log4j-api\2.14.1\log4j-api-2.14.1.jar;D:\桌面\文件\apache-maven-3.8.1\MAVEN-repo\org\slf4j\jul-to-slf4j\1.7.32\jul-to-slf4j-1.7.32.jar;D:\桌面\文件\apache-maven-3.8.1\MAVEN-repo\jakarta\annotation\jakarta.annotation-api\1.3.5\jakarta.annotation-api-1.3.5.jar;D:\桌面\文件\apache-maven-3.8.1\MAVEN-repo\org\yaml\snakeyaml\1.28\snakeyaml-1.28.jar;D:\桌面\文件\apache-maven-3.8.1\MAVEN-repo\org\springframework\boot\spring-boot-starter-json\2.5.6\spring-boot-starter-json-2.5.6.jar;D:\桌面\文件\apache-maven-3.8.1\MAVEN-repo\com\fasterxml\jackson\core\jackson-databind\2.12.5\jackson-databind-2.12.5.jar;D:\桌面\文件\apache-maven-3.8.1\MAVEN-repo\com\fasterxml\jackson\core\jackson-annotations\2.12.5\jackson-annotations-2.12.5.jar;D:\桌面\文件\apache-maven-3.8.1\MAVEN-repo\com\fasterxml\jackson\core\jackson-core\2.12.5\jackson-core-2.12.5.jar;D:\桌面\文件\apache-maven-3.8.1\MAVEN-repo\com\fasterxml\jackson\datatype\jackson-datatype-jdk8\2.12.5\jackson-datatype-jdk8-2.12.5.jar;D:\桌面\文件\apache-maven-3.8.1\MAVEN-repo\com\fasterxml\jackson\datatype\jackson-datatype-jsr310\2.12.5\jackson-datatype-jsr310-2.12.5.jar;D:\桌面\文件\apache-maven-3.8.1\MAVEN-repo\com\fasterxml\jackson\module\jackson-module-parameter-names\2.12.5\jackson-module-parameter-names-2.12.5.jar;D:\桌面\文件\apache-maven-3.8.1\MAVEN-repo\org\springframework\boot\spring-boot-starter-tomcat\2.5.6\spring-boot-starter-tomcat-2.5.6.jar;D:\桌面\文件\apache-maven-3.8.1\MAVEN-repo\org\apache\tomcat\embed\tomcat-embed-core\9.0.54\tomcat-embed-core-9.0.54.jar;D:\桌面\文件\apache-maven-3.8.1\MAVEN-repo\org\apache\tomcat\embed\tomcat-embed-el\9.0.54\tomcat-embed-el-9.0.54.jar;D:\桌面\文件\apache-maven-3.8.1\MAVEN-repo\org\apache\tomcat\embed\tomcat-embed-websocket\9.0.54\tomcat-embed-websocket-9.0.54.jar;D:\桌面\文件\apache-maven-3.8.1\MAVEN-repo\org\springframework\spring-web\5.3.12\spring-web-5.3.12.jar;D:\桌面\文件\apache-maven-3.8.1\MAVEN-repo\org\springframework\spring-beans\5.3.12\spring-beans-5.3.12.jar;D:\桌面\文件\apache-maven-3.8.1\MAVEN-repo\org\springframework\spring-webmvc\5.3.12\spring-webmvc-5.3.12.jar;D:\桌面\文件\apache-maven-3.8.1\MAVEN-repo\org\springframework\spring-aop\5.3.12\spring-aop-5.3.12.jar;D:\桌面\文件\apache-maven-3.8.1\MAVEN-repo\org\springframework\spring-context\5.3.12\spring-context-5.3.12.jar;D:\桌面\文件\apache-maven-3.8.1\MAVEN-repo\org\springframework\spring-expression\5.3.12\spring-expression-5.3.12.jar;D:\桌面\文件\apache-maven-3.8.1\MAVEN-repo\org\springframework\boot\spring-boot-starter-test\2.5.6\spring-boot-starter-test-2.5.6.jar;D:\桌面\文件\apache-maven-3.8.1\MAVEN-repo\org\springframework\boot\spring-boot-test\2.5.6\spring-boot-test-2.5.6.jar;D:\桌面\文件\apache-maven-3.8.1\MAVEN-repo\org\springframework\boot\spring-boot-test-autoconfigure\2.5.6\spring-boot-test-autoconfigure-2.5.6.jar;D:\桌面\文件\apache-maven-3.8.1\MAVEN-repo\com\jayway\jsonpath\json-path\2.5.0\json-path-2.5.0.jar;D:\桌面\文件\apache-maven-3.8.1\MAVEN-repo\net\minidev\json-smart\2.4.7\json-smart-2.4.7.jar;D:\桌面\文件\apache-maven-3.8.1\MAVEN-repo\net\minidev\accessors-smart\2.4.7\accessors-smart-2.4.7.jar;D:\桌面\文件\apache-maven-3.8.1\MAVEN-repo\org\ow2\asm\asm\9.1\asm-9.1.jar;D:\桌面\文件\apache-maven-3.8.1\MAVEN-repo\jakarta\xml\bind\jakarta.xml.bind-api\2.3.3\jakarta.xml.bind-api-2.3.3.jar;D:\桌面\文件\apache-maven-3.8.1\MAVEN-repo\jakarta\activation\jakarta.activation-api\1.2.2\jakarta.activation-api-1.2.2.jar;D:\桌面\文件\apache-maven-3.8.1\MAVEN-repo\org\assertj\assertj-core\3.19.0\assertj-core-3.19.0.jar;D:\桌面\文件\apache-maven-3.8.1\MAVEN-repo\org\hamcrest\hamcrest\2.2\hamcrest-2.2.jar;D:\桌面\文件\apache-maven-3.8.1\MAVEN-repo\org\junit\jupiter\junit-jupiter\5.7.2\junit-jupiter-5.7.2.jar;D:\桌面\文件\apache-maven-3.8.1\MAVEN-repo\org\junit\jupiter\junit-jupiter-api\5.7.2\junit-jupiter-api-5.7.2.jar;D:\桌面\文件\apache-maven-3.8.1\MAVEN-repo\org\apiguardian\apiguardian-api\1.1.0\apiguardian-api-1.1.0.jar;D:\桌面\文件\apache-maven-3.8.1\MAVEN-repo\org\opentest4j\opentest4j\1.2.0\opentest4j-1.2.0.jar;D:\桌面\文件\apache-maven-3.8.1\MAVEN-repo\org\junit\platform\junit-platform-commons\1.7.2\junit-platform-commons-1.7.2.jar;D:\桌面\文件\apache-maven-3.8.1\MAVEN-repo\org\junit\jupiter\junit-jupiter-params\5.7.2\junit-jupiter-params-5.7.2.jar;D:\桌面\文件\apache-maven-3.8.1\MAVEN-repo\org\junit\jupiter\junit-jupiter-engine\5.7.2\junit-jupiter-engine-5.7.2.jar;D:\桌面\文件\apache-maven-3.8.1\MAVEN-repo\org\junit\platform\junit-platform-engine\1.7.2\junit-platform-engine-1.7.2.jar;D:\桌面\文件\apache-maven-3.8.1\MAVEN-repo\org\mockito\mockito-core\3.9.0\mockito-core-3.9.0.jar;D:\桌面\文件\apache-maven-3.8.1\MAVEN-repo\net\bytebuddy\byte-buddy\1.10.22\byte-buddy-1.10.22.jar;D:\桌面\文件\apache-maven-3.8.1\MAVEN-repo\net\bytebuddy\byte-buddy-agent\1.10.22\byte-buddy-agent-1.10.22.jar;D:\桌面\文件\apache-maven-3.8.1\MAVEN-repo\org\objenesis\objenesis\3.2\objenesis-3.2.jar;D:\桌面\文件\apache-maven-3.8.1\MAVEN-repo\org\mockito\mockito-junit-jupiter\3.9.0\mockito-junit-jupiter-3.9.0.jar;D:\桌面\文件\apache-maven-3.8.1\MAVEN-repo\org\skyscreamer\jsonassert\1.5.0\jsonassert-1.5.0.jar;D:\桌面\文件\apache-maven-3.8.1\MAVEN-repo\com\vaadin\external\google\android-json\0.0.20131108.vaadin1\android-json-0.0.20131108.vaadin1.jar;D:\桌面\文件\apache-maven-3.8.1\MAVEN-repo\org\springframework\spring-core\5.3.12\spring-core-5.3.12.jar;D:\桌面\文件\apache-maven-3.8.1\MAVEN-repo\org\springframework\spring-jcl\5.3.12\spring-jcl-5.3.12.jar;D:\桌面\文件\apache-maven-3.8.1\MAVEN-repo\org\springframework\spring-test\5.3.12\spring-test-5.3.12.jar;D:\桌面\文件\apache-maven-3.8.1\MAVEN-repo\org\xmlunit\xmlunit-core\2.8.3\xmlunit-core-2.8.3.jar;D:\桌面\文件\apache-maven-3.8.1\MAVEN-repo\org\thymeleaf\thymeleaf-spring5\3.0.12.RELEASE\thymeleaf-spring5-3.0.12.RELEASE.jar;D:\桌面\文件\apache-maven-3.8.1\MAVEN-repo\org\thymeleaf\thymeleaf\3.0.12.RELEASE\thymeleaf-3.0.12.RELEASE.jar;D:\桌面\文件\apache-maven-3.8.1\MAVEN-repo\org\attoparser\attoparser\2.0.5.RELEASE\attoparser-2.0.5.RELEASE.jar;D:\桌面\文件\apache-maven-3.8.1\MAVEN-repo\org\unbescape\unbescape\1.1.6.RELEASE\unbescape-1.1.6.RELEASE.jar;D:\桌面\文件\apache-maven-3.8.1\MAVEN-repo\org\slf4j\slf4j-api\1.7.32\slf4j-api-1.7.32.jar;D:\桌面\文件\apache-maven-3.8.1\MAVEN-repo\org\thymeleaf\extras\thymeleaf-extras-java8time\3.0.4.RELEASE\thymeleaf-extras-java8time-3.0.4.RELEASE.jar;"/>
    <property name="java.vm.vendor" value="Oracle Corporation"/>
    <property name="sun.arch.data.model" value="64"/>
    <property name="user.variant" value=""/>
    <property name="java.vendor.url" value="https://java.oracle.com/"/>
    <property name="user.timezone" value="Asia/Shanghai"/>
    <property name="os.name" value="Windows 10"/>
    <property name="java.vm.specification.version" value="13"/>
    <property name="sun.java.launcher" value="SUN_STANDARD"/>
    <property name="user.country" value="CN"/>
    <property name="sun.boot.library.path" value="C:\Program Files\Java\jdk-13.0.2\bin"/>
    <property name="sun.java.command" value="C:\Users\123\AppData\Local\Temp\surefire3699937654234339737\surefirebooter4150000801715727530.jar C:\Users\123\AppData\Local\Temp\surefire3699937654234339737 2021-11-09T20-25-00_969-jvmRun1 surefire16964564854762293965tmp surefire_012376510924630400254tmp"/>
    <property name="jdk.debug" value="release"/>
    <property name="surefire.test.class.path" value="D:\桌面\CS\YangYang&apos;s Blog\MyBlog\target\test-classes;D:\桌面\CS\YangYang&apos;s Blog\MyBlog\target\classes;D:\桌面\文件\apache-maven-3.8.1\MAVEN-repo\org\springframework\boot\spring-boot-starter-web\2.5.6\spring-boot-starter-web-2.5.6.jar;D:\桌面\文件\apache-maven-3.8.1\MAVEN-repo\org\springframework\boot\spring-boot-starter\2.5.6\spring-boot-starter-2.5.6.jar;D:\桌面\文件\apache-maven-3.8.1\MAVEN-repo\org\springframework\boot\spring-boot\2.5.6\spring-boot-2.5.6.jar;D:\桌面\文件\apache-maven-3.8.1\MAVEN-repo\org\springframework\boot\spring-boot-autoconfigure\2.5.6\spring-boot-autoconfigure-2.5.6.jar;D:\桌面\文件\apache-maven-3.8.1\MAVEN-repo\org\springframework\boot\spring-boot-starter-logging\2.5.6\spring-boot-starter-logging-2.5.6.jar;D:\桌面\文件\apache-maven-3.8.1\MAVEN-repo\ch\qos\logback\logback-classic\1.2.6\logback-classic-1.2.6.jar;D:\桌面\文件\apache-maven-3.8.1\MAVEN-repo\ch\qos\logback\logback-core\1.2.6\logback-core-1.2.6.jar;D:\桌面\文件\apache-maven-3.8.1\MAVEN-repo\org\apache\logging\log4j\log4j-to-slf4j\2.14.1\log4j-to-slf4j-2.14.1.jar;D:\桌面\文件\apache-maven-3.8.1\MAVEN-repo\org\apache\logging\log4j\log4j-api\2.14.1\log4j-api-2.14.1.jar;D:\桌面\文件\apache-maven-3.8.1\MAVEN-repo\org\slf4j\jul-to-slf4j\1.7.32\jul-to-slf4j-1.7.32.jar;D:\桌面\文件\apache-maven-3.8.1\MAVEN-repo\jakarta\annotation\jakarta.annotation-api\1.3.5\jakarta.annotation-api-1.3.5.jar;D:\桌面\文件\apache-maven-3.8.1\MAVEN-repo\org\yaml\snakeyaml\1.28\snakeyaml-1.28.jar;D:\桌面\文件\apache-maven-3.8.1\MAVEN-repo\org\springframework\boot\spring-boot-starter-json\2.5.6\spring-boot-starter-json-2.5.6.jar;D:\桌面\文件\apache-maven-3.8.1\MAVEN-repo\com\fasterxml\jackson\core\jackson-databind\2.12.5\jackson-databind-2.12.5.jar;D:\桌面\文件\apache-maven-3.8.1\MAVEN-repo\com\fasterxml\jackson\core\jackson-annotations\2.12.5\jackson-annotations-2.12.5.jar;D:\桌面\文件\apache-maven-3.8.1\MAVEN-repo\com\fasterxml\jackson\core\jackson-core\2.12.5\jackson-core-2.12.5.jar;D:\桌面\文件\apache-maven-3.8.1\MAVEN-repo\com\fasterxml\jackson\datatype\jackson-datatype-jdk8\2.12.5\jackson-datatype-jdk8-2.12.5.jar;D:\桌面\文件\apache-maven-3.8.1\MAVEN-repo\com\fasterxml\jackson\datatype\jackson-datatype-jsr310\2.12.5\jackson-datatype-jsr310-2.12.5.jar;D:\桌面\文件\apache-maven-3.8.1\MAVEN-repo\com\fasterxml\jackson\module\jackson-module-parameter-names\2.12.5\jackson-module-parameter-names-2.12.5.jar;D:\桌面\文件\apache-maven-3.8.1\MAVEN-repo\org\springframework\boot\spring-boot-starter-tomcat\2.5.6\spring-boot-starter-tomcat-2.5.6.jar;D:\桌面\文件\apache-maven-3.8.1\MAVEN-repo\org\apache\tomcat\embed\tomcat-embed-core\9.0.54\tomcat-embed-core-9.0.54.jar;D:\桌面\文件\apache-maven-3.8.1\MAVEN-repo\org\apache\tomcat\embed\tomcat-embed-el\9.0.54\tomcat-embed-el-9.0.54.jar;D:\桌面\文件\apache-maven-3.8.1\MAVEN-repo\org\apache\tomcat\embed\tomcat-embed-websocket\9.0.54\tomcat-embed-websocket-9.0.54.jar;D:\桌面\文件\apache-maven-3.8.1\MAVEN-repo\org\springframework\spring-web\5.3.12\spring-web-5.3.12.jar;D:\桌面\文件\apache-maven-3.8.1\MAVEN-repo\org\springframework\spring-beans\5.3.12\spring-beans-5.3.12.jar;D:\桌面\文件\apache-maven-3.8.1\MAVEN-repo\org\springframework\spring-webmvc\5.3.12\spring-webmvc-5.3.12.jar;D:\桌面\文件\apache-maven-3.8.1\MAVEN-repo\org\springframework\spring-aop\5.3.12\spring-aop-5.3.12.jar;D:\桌面\文件\apache-maven-3.8.1\MAVEN-repo\org\springframework\spring-context\5.3.12\spring-context-5.3.12.jar;D:\桌面\文件\apache-maven-3.8.1\MAVEN-repo\org\springframework\spring-expression\5.3.12\spring-expression-5.3.12.jar;D:\桌面\文件\apache-maven-3.8.1\MAVEN-repo\org\springframework\boot\spring-boot-starter-test\2.5.6\spring-boot-starter-test-2.5.6.jar;D:\桌面\文件\apache-maven-3.8.1\MAVEN-repo\org\springframework\boot\spring-boot-test\2.5.6\spring-boot-test-2.5.6.jar;D:\桌面\文件\apache-maven-3.8.1\MAVEN-repo\org\springframework\boot\spring-boot-test-autoconfigure\2.5.6\spring-boot-test-autoconfigure-2.5.6.jar;D:\桌面\文件\apache-maven-3.8.1\MAVEN-repo\com\jayway\jsonpath\json-path\2.5.0\json-path-2.5.0.jar;D:\桌面\文件\apache-maven-3.8.1\MAVEN-repo\net\minidev\json-smart\2.4.7\json-smart-2.4.7.jar;D:\桌面\文件\apache-maven-3.8.1\MAVEN-repo\net\minidev\accessors-smart\2.4.7\accessors-smart-2.4.7.jar;D:\桌面\文件\apache-maven-3.8.1\MAVEN-repo\org\ow2\asm\asm\9.1\asm-9.1.jar;D:\桌面\文件\apache-maven-3.8.1\MAVEN-repo\jakarta\xml\bind\jakarta.xml.bind-api\2.3.3\jakarta.xml.bind-api-2.3.3.jar;D:\桌面\文件\apache-maven-3.8.1\MAVEN-repo\jakarta\activation\jakarta.activation-api\1.2.2\jakarta.activation-api-1.2.2.jar;D:\桌面\文件\apache-maven-3.8.1\MAVEN-repo\org\assertj\assertj-core\3.19.0\assertj-core-3.19.0.jar;D:\桌面\文件\apache-maven-3.8.1\MAVEN-repo\org\hamcrest\hamcrest\2.2\hamcrest-2.2.jar;D:\桌面\文件\apache-maven-3.8.1\MAVEN-repo\org\junit\jupiter\junit-jupiter\5.7.2\junit-jupiter-5.7.2.jar;D:\桌面\文件\apache-maven-3.8.1\MAVEN-repo\org\junit\jupiter\junit-jupiter-api\5.7.2\junit-jupiter-api-5.7.2.jar;D:\桌面\文件\apache-maven-3.8.1\MAVEN-repo\org\apiguardian\apiguardian-api\1.1.0\apiguardian-api-1.1.0.jar;D:\桌面\文件\apache-maven-3.8.1\MAVEN-repo\org\opentest4j\opentest4j\1.2.0\opentest4j-1.2.0.jar;D:\桌面\文件\apache-maven-3.8.1\MAVEN-repo\org\junit\platform\junit-platform-commons\1.7.2\junit-platform-commons-1.7.2.jar;D:\桌面\文件\apache-maven-3.8.1\MAVEN-repo\org\junit\jupiter\junit-jupiter-params\5.7.2\junit-jupiter-params-5.7.2.jar;D:\桌面\文件\apache-maven-3.8.1\MAVEN-repo\org\junit\jupiter\junit-jupiter-engine\5.7.2\junit-jupiter-engine-5.7.2.jar;D:\桌面\文件\apache-maven-3.8.1\MAVEN-repo\org\junit\platform\junit-platform-engine\1.7.2\junit-platform-engine-1.7.2.jar;D:\桌面\文件\apache-maven-3.8.1\MAVEN-repo\org\mockito\mockito-core\3.9.0\mockito-core-3.9.0.jar;D:\桌面\文件\apache-maven-3.8.1\MAVEN-repo\net\bytebuddy\byte-buddy\1.10.22\byte-buddy-1.10.22.jar;D:\桌面\文件\apache-maven-3.8.1\MAVEN-repo\net\bytebuddy\byte-buddy-agent\1.10.22\byte-buddy-agent-1.10.22.jar;D:\桌面\文件\apache-maven-3.8.1\MAVEN-repo\org\objenesis\objenesis\3.2\objenesis-3.2.jar;D:\桌面\文件\apache-maven-3.8.1\MAVEN-repo\org\mockito\mockito-junit-jupiter\3.9.0\mockito-junit-jupiter-3.9.0.jar;D:\桌面\文件\apache-maven-3.8.1\MAVEN-repo\org\skyscreamer\jsonassert\1.5.0\jsonassert-1.5.0.jar;D:\桌面\文件\apache-maven-3.8.1\MAVEN-repo\com\vaadin\external\google\android-json\0.0.20131108.vaadin1\android-json-0.0.20131108.vaadin1.jar;D:\桌面\文件\apache-maven-3.8.1\MAVEN-repo\org\springframework\spring-core\5.3.12\spring-core-5.3.12.jar;D:\桌面\文件\apache-maven-3.8.1\MAVEN-repo\org\springframework\spring-jcl\5.3.12\spring-jcl-5.3.12.jar;D:\桌面\文件\apache-maven-3.8.1\MAVEN-repo\org\springframework\spring-test\5.3.12\spring-test-5.3.12.jar;D:\桌面\文件\apache-maven-3.8.1\MAVEN-repo\org\xmlunit\xmlunit-core\2.8.3\xmlunit-core-2.8.3.jar;D:\桌面\文件\apache-maven-3.8.1\MAVEN-repo\org\thymeleaf\thymeleaf-spring5\3.0.12.RELEASE\thymeleaf-spring5-3.0.12.RELEASE.jar;D:\桌面\文件\apache-maven-3.8.1\MAVEN-repo\org\thymeleaf\thymeleaf\3.0.12.RELEASE\thymeleaf-3.0.12.RELEASE.jar;D:\桌面\文件\apache-maven-3.8.1\MAVEN-repo\org\attoparser\attoparser\2.0.5.RELEASE\attoparser-2.0.5.RELEASE.jar;D:\桌面\文件\apache-maven-3.8.1\MAVEN-repo\org\unbescape\unbescape\1.1.6.RELEASE\unbescape-1.1.6.RELEASE.jar;D:\桌面\文件\apache-maven-3.8.1\MAVEN-repo\org\slf4j\slf4j-api\1.7.32\slf4j-api-1.7.32.jar;D:\桌面\文件\apache-maven-3.8.1\MAVEN-repo\org\thymeleaf\extras\thymeleaf-extras-java8time\3.0.4.RELEASE\thymeleaf-extras-java8time-3.0.4.RELEASE.jar;"/>
    <property name="sun.cpu.endian" value="little"/>
    <property name="user.home" value="C:\Users\123"/>
    <property name="user.language" value="zh"/>
    <property name="java.specification.vendor" value="Oracle Corporation"/>
    <property name="java.version.date" value="2020-01-14"/>
    <property name="java.home" value="C:\Program Files\Java\jdk-13.0.2"/>
    <property name="file.separator" value="\"/>
    <property name="basedir" value="D:\桌面\CS\YangYang&apos;s Blog\MyBlog"/>
    <property name="java.vm.compressedOopsMode" value="32-bit"/>
    <property name="line.separator" value="&#10;"/>
    <property name="java.vm.specification.vendor" value="Oracle Corporation"/>
    <property name="java.specification.name" value="Java Platform API Specification"/>
    <property name="surefire.real.class.path" value="C:\Users\123\AppData\Local\Temp\surefire3699937654234339737\surefirebooter4150000801715727530.jar"/>
    <property name="user.script" value=""/>
    <property name="sun.management.compiler" value="HotSpot 64-Bit Tiered Compilers"/>
    <property name="java.runtime.version" value="13.0.2+8"/>
    <property name="user.name" value="123"/>
    <property name="path.separator" value=";"/>
    <property name="os.version" value="10.0"/>
    <property name="java.runtime.name" value="Java(TM) SE Runtime Environment"/>
    <property name="file.encoding" value="GBK"/>
    <property name="java.vm.name" value="Java HotSpot(TM) 64-Bit Server VM"/>
    <property name="localRepository" value="D:\桌面\文件\apache-maven-3.8.1\MAVEN-repo"/>
    <property name="java.vendor.url.bug" value="https://bugreport.java.com/bugreport/"/>
    <property name="java.io.tmpdir" value="C:\Users\123\AppData\Local\Temp\"/>
    <property name="java.version" value="13.0.2"/>
    <property name="user.dir" value="D:\桌面\CS\YangYang&apos;s Blog\MyBlog"/>
    <property name="os.arch" value="amd64"/>
    <property name="java.vm.specification.name" value="Java Virtual Machine Specification"/>
    <property name="sun.os.patch.level" value=""/>
    <property name="java.library.path" value="C:\Program Files\Java\jdk-13.0.2\bin;C:\WINDOWS\Sun\Java\bin;C:\WINDOWS\system32;C:\WINDOWS;C:\ProgramData\Oracle\Java\javapath;C:\Program Files\NVIDIA GPU Computing Toolkit\CUDA\v11.1\bin;C:\Program Files\NVIDIA GPU Computing Toolkit\CUDA\v11.1\libnvvp;D:\mac1\bin\;C:\Program Files\Java\jdk-13.0.2\\bin;C:\Program Files\Java\jdk-13.0.2\\jre\bin。;:\WINDOWS\system32;C:\WINDOWS;C:\WINDOWS\system32\wbem;C:\ProgramData\Microsoft\Windows\Start Menu\Programs\MySQL\bin;C:\Program Files\Microsoft SQL Server\Client SDK\ODBC\170\Tools\Binn\;C:\Program Files (x86)\Microsoft SQL Server\150\Tools\Binn\;C:\Program Files\Microsoft SQL Server\150\Tools\Binn\;C:\Program Files\Microsoft SQL Server\150\DTS\Binn\;C:\Program Files (x86)\Microsoft SQL Server\150\DTS\Binn\;C:\Program Files\NVIDIA Corporation\NVIDIA NvDLISR;C:\Program Files\dotnet\;D:\Git\cmd;&quot;C:\WINDOWS\system32;C:\WINDOWS\system32\WBEM&quot;;C:\WINDOWS\system32;C:\Program Files\Microsoft SQL Server\130\Tools\Binn\;D:\ANACONDA\Scripts;D:\ANACONDA;D:\ANACONDA\Library\lib;C:\Program Files\NVIDIA Corporation\Nsight Compute 2020.2.0\;C:\Program Files\MySQL\MySQL Server 8.0\bin;;C:\WINDOWS\system32;C:\WINDOWS;C:\WINDOWS\System32\Wbem;C:\WINDOWS\System32\WindowsPowerShell\v1.0\;C:\WINDOWS\System32\OpenSSH\;D:\Program Files (x86)\NetSarang\Xshell 7\;D:\Program Files (x86)\NetSarang\Xftp 7\;D:\Program Files\nodejs\;C:\Users\123\AppData\Local\Programs\Python\Python38-32\Scripts\;C:\Users\123\AppData\Local\Programs\Python\Python38-32\;C:\Users\123\AppData\Local\Microsoft\WindowsApps;D:\Microsoft VS Code\bin;D:\Microsoft VS Code\x86_64-8.1.0-release-posix-seh-rt_v6-rev0\mingw64\bin;C:\ProgramData\Microsoft\Windows\Start Menu\Programs\MySQL\bin;C:\Users\123\.dotnet\tools;C:\Users\123\AppData\Local\GitHubDesktop\bin;D:\IntelliJ IDEA Community Edition 2020.3.2\bin;;D:\IntelliJ IDEA 2020.1.2\bin;;D:\桌面\文件\apache-maven-3.8.1\bin;C:\Users\123\AppData\Roaming\npm;."/>
    <property name="java.vm.info" value="mixed mode, sharing"/>
    <property name="java.vendor" value="Oracle Corporation"/>
    <property name="java.vm.version" value="13.0.2+8"/>
    <property name="sun.io.unicode.encoding" value="UnicodeLittle"/>
    <property name="java.class.version" value="57.0"/>
  </properties>
  <testcase name="contextLoads" classname="com.xu.MyblogApplicationTests" time="0.5"/>
</testsuite>